<?xml version="1.0" encoding="UTF-8"?>
<!-- Generated by org.testng.reporters.JUnitReportReporter -->
<testsuite hostname="DESKTOP-97JUJ0O" failures="0" tests="3" name="com.ducdmd152.springboot.dsnackerstore.selenium.DDTSeleniumWithTestNGFramework" time="49.884" errors="0" timestamp="11 Jul 2023 06:29:20 GMT">
  <testcase classname="com.ducdmd152.springboot.dsnackerstore.selenium.DDTSeleniumWithTestNGFramework" name="testAuthentication" time="16.277"/>
  <testcase classname="com.ducdmd152.springboot.dsnackerstore.selenium.DDTSeleniumWithTestNGFramework" name="testAuthentication" time="16.142"/>
  <testcase classname="com.ducdmd152.springboot.dsnackerstore.selenium.DDTSeleniumWithTestNGFramework" name="testAuthentication" time="17.465"/>
</testsuite> <!-- com.ducdmd152.springboot.dsnackerstore.selenium.DDTSeleniumWithTestNGFramework -->
