<?xml version="1.0" encoding="UTF-8"?>
<!-- Generated by org.testng.reporters.JUnitReportReporter -->
<testsuite hostname="DESKTOP-97JUJ0O" failures="0" tests="31" name="com.ducdmd152.springboot.dsnackerstore.entry.SaveUserExceptionDDTTest" time="1.683" errors="0" timestamp="11 Jul 2023 06:16:48 GMT">
  <testcase classname="com.ducdmd152.springboot.dsnackerstore.entry.SaveUserExceptionDDTTest" name="givenUserObject_whenSaveUserWithCatchException_thenReturnNull" time="0.002"/>
  <testcase classname="com.ducdmd152.springboot.dsnackerstore.entry.SaveUserExceptionDDTTest" name="givenUserObject_whenSaveUserWithCatchException_thenReturnNull" time="0.004"/>
  <testcase classname="com.ducdmd152.springboot.dsnackerstore.entry.SaveUserExceptionDDTTest" name="givenUserObject_whenSaveUser_thenReturnUserObject" time="0.007"/>
  <testcase classname="com.ducdmd152.springboot.dsnackerstore.entry.SaveUserExceptionDDTTest" name="givenUserObject_whenSaveUserWithoutCatchException_thenReturnException" time="0.005"/>
  <testcase classname="com.ducdmd152.springboot.dsnackerstore.entry.SaveUserExceptionDDTTest" name="givenUserObject_whenSaveUser_thenReturnUserObject" time="0.006"/>
  <testcase classname="com.ducdmd152.springboot.dsnackerstore.entry.SaveUserExceptionDDTTest" name="givenUserObject_whenSaveUserWithCatchException_thenReturnNull" time="0.016"/>
  <testcase classname="com.ducdmd152.springboot.dsnackerstore.entry.SaveUserExceptionDDTTest" name="givenUserObject_whenSaveUserWithCatchException_thenReturnNull" time="0.007"/>
  <testcase classname="com.ducdmd152.springboot.dsnackerstore.entry.SaveUserExceptionDDTTest" name="givenUserObject_whenSaveUserWithoutCatchException_thenReturnException" time="0.003"/>
  <testcase classname="com.ducdmd152.springboot.dsnackerstore.entry.SaveUserExceptionDDTTest" name="givenUserObject_whenSaveUserWithCatchException_thenReturnNull" time="0.004"/>
  <testcase classname="com.ducdmd152.springboot.dsnackerstore.entry.SaveUserExceptionDDTTest" name="givenUserObject_whenSaveUser_thenReturnUserObject" time="0.005"/>
  <testcase classname="com.ducdmd152.springboot.dsnackerstore.entry.SaveUserExceptionDDTTest" name="givenUserObject_whenSaveUser_thenReturnUserObject" time="0.040"/>
  <testcase classname="com.ducdmd152.springboot.dsnackerstore.entry.SaveUserExceptionDDTTest" name="givenUserObject_whenSaveUser_thenReturnUserObject" time="0.004"/>
  <testcase classname="com.ducdmd152.springboot.dsnackerstore.entry.SaveUserExceptionDDTTest" name="injectedComponentsAreNotNull" time="1.505"/>
  <testcase classname="com.ducdmd152.springboot.dsnackerstore.entry.SaveUserExceptionDDTTest" name="givenUserObject_whenSaveUser_thenReturnUserObject" time="0.003"/>
  <testcase classname="com.ducdmd152.springboot.dsnackerstore.entry.SaveUserExceptionDDTTest" name="givenUserObject_whenSaveUserWithoutCatchException_thenReturnException" time="0.004"/>
  <testcase classname="com.ducdmd152.springboot.dsnackerstore.entry.SaveUserExceptionDDTTest" name="givenUserObject_whenSaveUserWithoutCatchException_thenReturnException" time="0.003"/>
  <testcase classname="com.ducdmd152.springboot.dsnackerstore.entry.SaveUserExceptionDDTTest" name="givenUserObject_whenSaveUser_thenReturnUserObject" time="0.005"/>
  <testcase classname="com.ducdmd152.springboot.dsnackerstore.entry.SaveUserExceptionDDTTest" name="givenUserObject_whenSaveUser_thenReturnUserObject" time="0.004"/>
  <testcase classname="com.ducdmd152.springboot.dsnackerstore.entry.SaveUserExceptionDDTTest" name="givenUserObject_whenSaveUser_thenReturnUserObject" time="0.006"/>
  <testcase classname="com.ducdmd152.springboot.dsnackerstore.entry.SaveUserExceptionDDTTest" name="givenUserObject_whenSaveUserWithoutCatchException_thenReturnException" time="0.003"/>
  <testcase classname="com.ducdmd152.springboot.dsnackerstore.entry.SaveUserExceptionDDTTest" name="givenUserObject_whenSaveUserWithoutCatchException_thenReturnException" time="0.003"/>
  <testcase classname="com.ducdmd152.springboot.dsnackerstore.entry.SaveUserExceptionDDTTest" name="givenUserObject_whenSaveUserWithCatchException_thenReturnNull" time="0.005"/>
  <testcase classname="com.ducdmd152.springboot.dsnackerstore.entry.SaveUserExceptionDDTTest" name="givenUserObject_whenSaveUserWithoutCatchException_thenReturnException" time="0.009"/>
  <testcase classname="com.ducdmd152.springboot.dsnackerstore.entry.SaveUserExceptionDDTTest" name="givenUserObject_whenSaveUserWithCatchException_thenReturnNull" time="0.002"/>
  <testcase classname="com.ducdmd152.springboot.dsnackerstore.entry.SaveUserExceptionDDTTest" name="givenUserObject_whenSaveUserWithCatchException_thenReturnNull" time="0.004"/>
  <testcase classname="com.ducdmd152.springboot.dsnackerstore.entry.SaveUserExceptionDDTTest" name="givenUserObject_whenSaveUserWithoutCatchException_thenReturnException" time="0.004"/>
  <testcase classname="com.ducdmd152.springboot.dsnackerstore.entry.SaveUserExceptionDDTTest" name="givenUserObject_whenSaveUser_thenReturnUserObject" time="0.004"/>
  <testcase classname="com.ducdmd152.springboot.dsnackerstore.entry.SaveUserExceptionDDTTest" name="givenUserObject_whenSaveUserWithCatchException_thenReturnNull" time="0.005"/>
  <testcase classname="com.ducdmd152.springboot.dsnackerstore.entry.SaveUserExceptionDDTTest" name="givenUserObject_whenSaveUserWithoutCatchException_thenReturnException" time="0.003"/>
  <testcase classname="com.ducdmd152.springboot.dsnackerstore.entry.SaveUserExceptionDDTTest" name="givenUserObject_whenSaveUserWithCatchException_thenReturnNull" time="0.004"/>
  <testcase classname="com.ducdmd152.springboot.dsnackerstore.entry.SaveUserExceptionDDTTest" name="givenUserObject_whenSaveUserWithoutCatchException_thenReturnException" time="0.004"/>
</testsuite> <!-- com.ducdmd152.springboot.dsnackerstore.entry.SaveUserExceptionDDTTest -->
