<?xml version="1.0" encoding="UTF-8"?>
<!-- Generated by org.testng.reporters.JUnitReportReporter -->
<testsuite hostname="DESKTOP-97JUJ0O" failures="0" tests="3" name="com.ducdmd152.springboot.dsnackerstore.entry.GetProductsTest" time="0.971" errors="0" timestamp="10 Jul 2023 15:36:18 GMT">
  <testcase classname="com.ducdmd152.springboot.dsnackerstore.entry.GetProductsTest" name="testGetProductWithStatus_thenReturnProductListAllRightStatus" time="0.023"/>
  <testcase classname="com.ducdmd152.springboot.dsnackerstore.entry.GetProductsTest" name="injectedComponentsAreNotNull" time="0.946"/>
  <testcase classname="com.ducdmd152.springboot.dsnackerstore.entry.GetProductsTest" name="testGetAvailableProduct_thenReturnProductListAllRightStatus" time="0.002"/>
</testsuite> <!-- com.ducdmd152.springboot.dsnackerstore.entry.GetProductsTest -->
