<?xml version="1.0" encoding="UTF-8"?>
<!-- Generated by org.testng.reporters.JUnitReportReporter -->
<testsuite hostname="DESKTOP-97JUJ0O" failures="0" tests="1" name="com.ducdmd152.springboot.dsnackerstore.selenium.FirstSeleniumWithTestNGFramework" time="15.241" errors="0" timestamp="5 Jul 2023 08:19:59 GMT">
  <testcase classname="com.ducdmd152.springboot.dsnackerstore.selenium.FirstSeleniumWithTestNGFramework" name="testLogin" time="15.241"/>
</testsuite> <!-- com.ducdmd152.springboot.dsnackerstore.selenium.FirstSeleniumWithTestNGFramework -->
