<?xml version="1.0" encoding="UTF-8"?>
<!-- Generated by org.testng.reporters.JUnitReportReporter -->
<testsuite hostname="DESKTOP-97JUJ0O" failures="0" tests="11" name="com.ducdmd152.springboot.dsnackerstore.MyFirstDDTTestNGDemo" time="1.006" errors="0" timestamp="5 Jul 2023 06:16:29 GMT">
  <testcase classname="com.ducdmd152.springboot.dsnackerstore.MyFirstDDTTestNGDemo" name="givenUserObject_whenSaveUser_thenReturnUserObject" time="0.002"/>
  <testcase classname="com.ducdmd152.springboot.dsnackerstore.MyFirstDDTTestNGDemo" name="initMockResourceTesting" time="0.960"/>
  <testcase classname="com.ducdmd152.springboot.dsnackerstore.MyFirstDDTTestNGDemo" name="givenUserObject_whenSaveUser_thenReturnUserObject" time="0.024"/>
  <testcase classname="com.ducdmd152.springboot.dsnackerstore.MyFirstDDTTestNGDemo" name="givenUserObject_whenSaveUser_thenReturnUserObject" time="0.002"/>
  <testcase classname="com.ducdmd152.springboot.dsnackerstore.MyFirstDDTTestNGDemo" name="givenUserObject_whenSaveUser_thenReturnUserObject" time="0.002"/>
  <testcase classname="com.ducdmd152.springboot.dsnackerstore.MyFirstDDTTestNGDemo" name="givenUserObject_whenSaveUser_thenReturnUserObject" time="0.003"/>
  <testcase classname="com.ducdmd152.springboot.dsnackerstore.MyFirstDDTTestNGDemo" name="givenUserObject_whenSaveUser_thenReturnUserObject" time="0.003"/>
  <testcase classname="com.ducdmd152.springboot.dsnackerstore.MyFirstDDTTestNGDemo" name="givenUserObject_whenSaveUser_thenReturnUserObject" time="0.004"/>
  <testcase classname="com.ducdmd152.springboot.dsnackerstore.MyFirstDDTTestNGDemo" name="givenUserObject_whenSaveUser_thenReturnUserObject" time="0.002"/>
  <testcase classname="com.ducdmd152.springboot.dsnackerstore.MyFirstDDTTestNGDemo" name="givenUserObject_whenSaveUser_thenReturnUserObject" time="0.002"/>
  <testcase classname="com.ducdmd152.springboot.dsnackerstore.MyFirstDDTTestNGDemo" name="givenUserObject_whenSaveUser_thenReturnUserObject" time="0.002"/>
</testsuite> <!-- com.ducdmd152.springboot.dsnackerstore.MyFirstDDTTestNGDemo -->
