<?xml version="1.0" encoding="UTF-8"?>
<!-- Generated by org.testng.reporters.JUnitReportReporter -->
<testsuite hostname="DESKTOP-97JUJ0O" failures="0" tests="1" name="com.ducdmd152.springboot.dsnackerstore.MyFirstTestNGDemoTest" time="0.884" errors="0" timestamp="5 Jul 2023 05:40:47 GMT">
  <testcase classname="com.ducdmd152.springboot.dsnackerstore.MyFirstTestNGDemoTest" name="givenUserObject_whenSaveUser_thenReturnUserObject" time="0.884"/>
</testsuite> <!-- com.ducdmd152.springboot.dsnackerstore.MyFirstTestNGDemoTest -->
