<?xml version="1.0" encoding="UTF-8"?>
<!-- Generated by org.testng.reporters.JUnitReportReporter -->
<testsuite hostname="DESKTOP-97JUJ0O" failures="0" tests="2" name="com.ducdmd152.springboot.dsnackerstore.entry.SaveUserDDTExceptionTest" time="0.006" errors="0" timestamp="5 Jul 2023 07:15:51 GMT">
  <testcase classname="com.ducdmd152.springboot.dsnackerstore.entry.SaveUserDDTExceptionTest" name="injectedComponentsAreNotNull" time="0.003"/>
  <testcase classname="com.ducdmd152.springboot.dsnackerstore.entry.SaveUserDDTExceptionTest" name="givenUserObject_whenSaveUser_thenThrowException" time="0.003"/>
</testsuite> <!-- com.ducdmd152.springboot.dsnackerstore.entry.SaveUserDDTExceptionTest -->
