<?xml version="1.0" encoding="UTF-8"?>
<!-- Generated by org.testng.reporters.JUnitReportReporter -->
<testsuite hostname="DESKTOP-97JUJ0O" failures="0" tests="11" name="com.ducdmd152.springboot.dsnackerstore.entry.SaveUserDDTTest" time="1.279" errors="0" timestamp="11 Jul 2023 06:12:17 GMT">
  <testcase classname="com.ducdmd152.springboot.dsnackerstore.entry.SaveUserDDTTest" name="givenUserObject_whenSaveUser_thenReturnUserObject" time="0.004"/>
  <testcase classname="com.ducdmd152.springboot.dsnackerstore.entry.SaveUserDDTTest" name="injectedComponentsAreNotNull" time="1.211"/>
  <testcase classname="com.ducdmd152.springboot.dsnackerstore.entry.SaveUserDDTTest" name="givenUserObject_whenSaveUser_thenReturnUserObject" time="0.004"/>
  <testcase classname="com.ducdmd152.springboot.dsnackerstore.entry.SaveUserDDTTest" name="givenUserObject_whenSaveUser_thenReturnUserObject" time="0.005"/>
  <testcase classname="com.ducdmd152.springboot.dsnackerstore.entry.SaveUserDDTTest" name="givenUserObject_whenSaveUser_thenReturnUserObject" time="0.028"/>
  <testcase classname="com.ducdmd152.springboot.dsnackerstore.entry.SaveUserDDTTest" name="givenUserObject_whenSaveUser_thenReturnUserObject" time="0.004"/>
  <testcase classname="com.ducdmd152.springboot.dsnackerstore.entry.SaveUserDDTTest" name="givenUserObject_whenSaveUser_thenReturnUserObject" time="0.004"/>
  <testcase classname="com.ducdmd152.springboot.dsnackerstore.entry.SaveUserDDTTest" name="givenUserObject_whenSaveUser_thenReturnUserObject" time="0.006"/>
  <testcase classname="com.ducdmd152.springboot.dsnackerstore.entry.SaveUserDDTTest" name="givenUserObject_whenSaveUser_thenReturnUserObject" time="0.005"/>
  <testcase classname="com.ducdmd152.springboot.dsnackerstore.entry.SaveUserDDTTest" name="givenUserObject_whenSaveUser_thenReturnUserObject" time="0.004"/>
  <testcase classname="com.ducdmd152.springboot.dsnackerstore.entry.SaveUserDDTTest" name="givenUserObject_whenSaveUser_thenReturnUserObject" time="0.004"/>
</testsuite> <!-- com.ducdmd152.springboot.dsnackerstore.entry.SaveUserDDTTest -->
