<?xml version="1.0" encoding="UTF-8"?>
<!-- Generated by org.testng.reporters.JUnitReportReporter -->
<testsuite hostname="DESKTOP-97JUJ0O" failures="0" tests="2" name="com.ducdmd152.springboot.dsnackerstore.entry.GetProductsWithStatusTest" time="1.263" errors="0" timestamp="11 Jul 2023 06:20:22 GMT">
  <testcase classname="com.ducdmd152.springboot.dsnackerstore.entry.GetProductsWithStatusTest" name="testGetProductWithStatus_thenReturnProductListAllRightStatus" time="0.032"/>
  <testcase classname="com.ducdmd152.springboot.dsnackerstore.entry.GetProductsWithStatusTest" name="injectedComponentsAreNotNull" time="1.231"/>
</testsuite> <!-- com.ducdmd152.springboot.dsnackerstore.entry.GetProductsWithStatusTest -->
