<?xml version="1.0" encoding="UTF-8"?>
<!-- Generated by org.testng.reporters.JUnitReportReporter -->
<testsuite hostname="DESKTOP-97JUJ0O" failures="0" tests="2" name="com.ducdmd152.springboot.dsnackerstore.entry.GetAvailableProductsTest" time="1.136" errors="0" timestamp="11 Jul 2023 06:24:54 GMT">
  <testcase classname="com.ducdmd152.springboot.dsnackerstore.entry.GetAvailableProductsTest" name="testGetAvailableProduct_thenReturnProductListAllRightStatus" time="0.025"/>
  <testcase classname="com.ducdmd152.springboot.dsnackerstore.entry.GetAvailableProductsTest" name="injectedComponentsAreNotNull" time="1.111"/>
</testsuite> <!-- com.ducdmd152.springboot.dsnackerstore.entry.GetAvailableProductsTest -->
