<?xml version="1.0" encoding="UTF-8"?>
<!-- Generated by org.testng.reporters.JUnitReportReporter -->
<testsuite hostname="DESKTOP-97JUJ0O" failures="0" tests="2" name="com.ducdmd152.springboot.dsnackerstore.entry.SaveUserTest" time="1.332" errors="0" timestamp="11 Jul 2023 06:08:54 GMT">
  <testcase classname="com.ducdmd152.springboot.dsnackerstore.entry.SaveUserTest" name="injectedComponentsAreNotNull" time="1.299"/>
  <testcase classname="com.ducdmd152.springboot.dsnackerstore.entry.SaveUserTest" name="givenUserObject_whenSaveUser_thenReturnUserObject" time="0.033"/>
</testsuite> <!-- com.ducdmd152.springboot.dsnackerstore.entry.SaveUserTest -->
